[INFO] [D:\DynamicIsland-imgui-win\src\main.cpp:424] === DynamicIsland Starting ===
[INFO] [D:\DynamicIsland-imgui-win\src\main.cpp:425] silentStart=0
[INFO] [D:\DynamicIsland-imgui-win\src\main.cpp:435] Loading config...
[INFO] [D:\DynamicIsland-imgui-win\src\main.cpp:437] Config not found, creating default
[INFO] [D:\DynamicIsland-imgui-win\src\main.cpp:440] Config loaded: opacity=0.95
[INFO] [D:\DynamicIsland-imgui-win\src\main.cpp:443] Initializing sysinfo...
[INFO] [D:\DynamicIsland-imgui-win\src\main.cpp:449] Sysinfo initialized
[INFO] [D:\DynamicIsland-imgui-win\src\main.cpp:452] Starting monitoring thread...
[INFO] [D:\DynamicIsland-imgui-win\src\main.cpp:454] Monitoring started
[INFO] [D:\DynamicIsland-imgui-win\src\main.cpp:457] Initializing scheduler...
[INFO] [D:\DynamicIsland-imgui-win\src\main.cpp:460] Startup enabled, checking registration...
[INFO] [D:\DynamicIsland-imgui-win\src\main.cpp:462] Not registered, registering...
[INFO] [D:\DynamicIsland-imgui-win\src\main.cpp:472] Creating main window...
[INFO] [D:\DynamicIsland-imgui-win\src\main.cpp:474] Window handle: 00000000002a042e
[INFO] [D:\DynamicIsland-imgui-win\src\main.cpp:481] Initializing D3D...
[INFO] [D:\DynamicIsland-imgui-win\src\main.cpp:489] D3D initialized: device=000001a35cadddb0
[INFO] [D:\DynamicIsland-imgui-win\src\main.cpp:492] Initializing tray icon...
[INFO] [D:\DynamicIsland-imgui-win\src\main.cpp:497] Tray icon initialized
[INFO] [D:\DynamicIsland-imgui-win\src\main.cpp:542] Initializing ImGui...
[INFO] [D:\DynamicIsland-imgui-win\src\main.cpp:547] ImGui context created
[INFO] [D:\DynamicIsland-imgui-win\src\main.cpp:586] Hotkey Ctrl+Shift+Z registered
[INFO] [D:\DynamicIsland-imgui-win\src\main.cpp:698] Entering main loop
[DEBUG] [D:\DynamicIsland-imgui-win\src\main.cpp:1101] Frame 0: CmdListsCount=1, TotalVtxCount=324
[DEBUG] [D:\DynamicIsland-imgui-win\src\main.cpp:1101] Frame 1: CmdListsCount=1, TotalVtxCount=324
[DEBUG] [D:\DynamicIsland-imgui-win\src\main.cpp:1101] Frame 2: CmdListsCount=1, TotalVtxCount=292
[DEBUG] [D:\DynamicIsland-imgui-win\src\main.cpp:1101] Frame 3: CmdListsCount=1, TotalVtxCount=292
[DEBUG] [D:\DynamicIsland-imgui-win\src\main.cpp:1101] Frame 4: CmdListsCount=1, TotalVtxCount=292
[DEBUG] [D:\DynamicIsland-imgui-win\src\main.cpp:1101] Frame 5: CmdListsCount=1, TotalVtxCount=292
[DEBUG] [D:\DynamicIsland-imgui-win\src\main.cpp:1101] Frame 6: CmdListsCount=1, TotalVtxCount=256
[DEBUG] [D:\DynamicIsland-imgui-win\src\main.cpp:1101] Frame 7: CmdListsCount=1, TotalVtxCount=256
[DEBUG] [D:\DynamicIsland-imgui-win\src\main.cpp:1101] Frame 8: CmdListsCount=1, TotalVtxCount=256
[DEBUG] [D:\DynamicIsland-imgui-win\src\main.cpp:1101] Frame 9: CmdListsCount=1, TotalVtxCount=256
