[INFO] [D:\DynamicIsland-imgui-win\src\main.cpp:452] === DynamicIsland Starting ===
[INFO] [D:\DynamicIsland-imgui-win\src\main.cpp:453] silentStart=0
[INFO] [D:\DynamicIsland-imgui-win\src\main.cpp:463] Loading config...
[INFO] [D:\DynamicIsland-imgui-win\src\main.cpp:468] Config loaded: opacity=0.95
[INFO] [D:\DynamicIsland-imgui-win\src\main.cpp:471] Initializing sysinfo...
[INFO] [D:\DynamicIsland-imgui-win\src\main.cpp:477] Sysinfo initialized
[INFO] [D:\DynamicIsland-imgui-win\src\main.cpp:480] Starting monitoring thread...
[INFO] [D:\DynamicIsland-imgui-win\src\main.cpp:482] Monitoring started
[INFO] [D:\DynamicIsland-imgui-win\src\main.cpp:485] Initializing scheduler...
[INFO] [D:\DynamicIsland-imgui-win\src\main.cpp:500] Creating main window...
[INFO] [D:\DynamicIsland-imgui-win\src\main.cpp:502] Window handle: 00000000001006ea
[INFO] [D:\DynamicIsland-imgui-win\src\main.cpp:509] Initializing D3D...
[INFO] [D:\DynamicIsland-imgui-win\src\main.cpp:517] D3D initialized: device=0000018d366e7500
[INFO] [D:\DynamicIsland-imgui-win\src\main.cpp:520] Initializing tray icon...
[INFO] [D:\DynamicIsland-imgui-win\src\main.cpp:525] Tray icon initialized
[INFO] [D:\DynamicIsland-imgui-win\src\main.cpp:582] Initializing ImGui...
[INFO] [D:\DynamicIsland-imgui-win\src\main.cpp:587] ImGui context created
[INFO] [D:\DynamicIsland-imgui-win\src\main.cpp:626] Hotkey Ctrl+Shift+Z registered
[INFO] [D:\DynamicIsland-imgui-win\src\main.cpp:739] Entering main loop
[DEBUG] [D:\DynamicIsland-imgui-win\src\main.cpp:1511] Frame 0: CmdListsCount=1, TotalVtxCount=320
[DEBUG] [D:\DynamicIsland-imgui-win\src\main.cpp:1511] Frame 1: CmdListsCount=1, TotalVtxCount=320
[DEBUG] [D:\DynamicIsland-imgui-win\src\main.cpp:1511] Frame 2: CmdListsCount=1, TotalVtxCount=320
[DEBUG] [D:\DynamicIsland-imgui-win\src\main.cpp:1511] Frame 3: CmdListsCount=1, TotalVtxCount=288
[DEBUG] [D:\DynamicIsland-imgui-win\src\main.cpp:1511] Frame 4: CmdListsCount=1, TotalVtxCount=288
[DEBUG] [D:\DynamicIsland-imgui-win\src\main.cpp:1511] Frame 5: CmdListsCount=1, TotalVtxCount=288
[DEBUG] [D:\DynamicIsland-imgui-win\src\main.cpp:1511] Frame 6: CmdListsCount=1, TotalVtxCount=288
[DEBUG] [D:\DynamicIsland-imgui-win\src\main.cpp:1511] Frame 7: CmdListsCount=1, TotalVtxCount=252
[DEBUG] [D:\DynamicIsland-imgui-win\src\main.cpp:1511] Frame 8: CmdListsCount=1, TotalVtxCount=252
[DEBUG] [D:\DynamicIsland-imgui-win\src\main.cpp:1511] Frame 9: CmdListsCount=1, TotalVtxCount=252
[INFO] [D:\DynamicIsland-imgui-win\src\main.cpp:673] Hotkey unregistered
[INFO] [D:\DynamicIsland-imgui-win\src\main.cpp:680] COM uninitialized
